[WRN][1665827217.4111108780] antigen.zsh:266
[WRN][1665827217.4111108780] -antigen-interactive-mode: filecode:file:shfunc:shfunc $_ANTIGEN_INTERACTIVE = 
[WRN][1665827217.4115381241] antigen.zsh:1572
[WRN][1665827217.4115381241] -antigen-lock-init return code was 0
[LOG][1665827217.4116134644] antigen.zsh:1574
[LOG][1665827217.4116134644] LOADED EXTENSION lock EXT
[WRN][1665827217.4151749611] antigen.zsh:1684
[WRN][1665827217.4151749611] Init parallel extension PARALLEL
[WRN][1665827217.4153647423] antigen.zsh:266
[WRN][1665827217.4153647423] -antigen-interactive-mode: filecode:file:shfunc:shfunc:shfunc:eval:shfunc:shfunc $_ANTIGEN_INTERACTIVE = 
[WRN][1665827217.4154772758] antigen.zsh:1572
[WRN][1665827217.4154772758] -antigen-parallel-init return code was 0
[LOG][1665827217.4155476093] antigen.zsh:1574
[LOG][1665827217.4155476093] LOADED EXTENSION parallel EXT
[WRN][1665827217.4156198502] antigen.zsh:1692
[WRN][1665827217.4156198502] Exec parallel extension PARALLEL
[WRN][1665827217.4160103798] antigen.zsh:266
[WRN][1665827217.4160103798] -antigen-interactive-mode: filecode:file:shfunc:shfunc:shfunc:eval:shfunc:shfunc $_ANTIGEN_INTERACTIVE = 
[WRN][1665827217.4161405563] antigen.zsh:1572
[WRN][1665827217.4161405563] -antigen-defer-init return code was 0
[LOG][1665827217.4162149429] antigen.zsh:1574
[LOG][1665827217.4162149429] LOADED EXTENSION defer EXT
[WRN][1665827217.4175651073] antigen.zsh:266
[WRN][1665827217.4175651073] -antigen-interactive-mode: filecode:file:shfunc:shfunc:shfunc:eval:shfunc:shfunc $_ANTIGEN_INTERACTIVE = 
[WRN][1665827217.4178726673] antigen.zsh:1572
[WRN][1665827217.4178726673] -antigen-cache-init return code was 0
[LOG][1665827217.4179527760] antigen.zsh:1574
[LOG][1665827217.4179527760] LOADED EXTENSION cache EXT
[WRN][1665827217.4202539921] antigen.zsh:1469
[WRN][1665827217.4202539921] Updated meta: target antigen mode once type pre called 1
[WRN][1665827217.4203805923] antigen.zsh:1484
[WRN][1665827217.4203805923] Processing hooks: antigen-lock
[WRN][1665827217.4204542637] antigen.zsh:1487
[WRN][1665827217.4204542637] Pre hook: antigen-lock use oh-my-zsh
[LOG][1665827217.4205298424] antigen.zsh:1658
[LOG][1665827217.4205298424] antigen-lock called
[WRN][1665827217.4206154346] antigen.zsh:1669
[WRN][1665827217.4206154346] Creating antigen-lock file at /home/qogir/.antigen/.lock
[WRN][1665827217.4221138954] antigen.zsh:1505
[WRN][1665827217.4221138954] -antigen-hook-antigen use oh-my-zsh
[WRN][1665827217.4248487949] antigen.zsh:1469
[WRN][1665827217.4248487949] Updated meta: target antigen-bundle mode repeat type replace called 1
[WRN][1665827217.4250421524] antigen.zsh:1469
[WRN][1665827217.4250421524] Updated meta: target antigen-bundle mode repeat type pre called 1
[WRN][1665827217.4251332283] antigen.zsh:1484
[WRN][1665827217.4251332283] Processing hooks: antigen-bundle-defer antigen-bundle-cached
[WRN][1665827217.4252469540] antigen.zsh:1487
[WRN][1665827217.4252469540] Pre hook: antigen-bundle-cached --loc=lib
[WRN][1665827217.4253802299] antigen.zsh:1498
[WRN][1665827217.4253802299] Replace hook: antigen-bundle-defer --loc=lib
[WRN][1665827217.4254901409] antigen.zsh:1500
[WRN][1665827217.4254901409] antigen-bundle-defer shortcircuited
[LOG][1665827217.4256591797] antigen.zsh:1518
[LOG][1665827217.4256591797] Return from hook antigen with 0
[WRN][1665827217.4258711338] antigen.zsh:1462
[WRN][1665827217.4258711338] Ignoring hook due to mode once: antigen-lock
[WRN][1665827217.4259696007] antigen.zsh:1484
[WRN][1665827217.4259696007] Processing hooks: antigen-lock
[WRN][1665827217.4260959625] antigen.zsh:1505
[WRN][1665827217.4260959625] -antigen-hook-antigen bundle git
[WRN][1665827217.4264302254] antigen.zsh:1469
[WRN][1665827217.4264302254] Updated meta: target antigen-bundle mode repeat type replace called 2
[WRN][1665827217.4266810417] antigen.zsh:1469
[WRN][1665827217.4266810417] Updated meta: target antigen-bundle mode repeat type pre called 2
[WRN][1665827217.4267661572] antigen.zsh:1484
[WRN][1665827217.4267661572] Processing hooks: antigen-bundle-defer antigen-bundle-cached
[WRN][1665827217.4268333912] antigen.zsh:1487
[WRN][1665827217.4268333912] Pre hook: antigen-bundle-cached git
[WRN][1665827217.4269642830] antigen.zsh:1498
[WRN][1665827217.4269642830] Replace hook: antigen-bundle-defer git
[WRN][1665827217.4270594120] antigen.zsh:1500
[WRN][1665827217.4270594120] antigen-bundle-defer shortcircuited
[LOG][1665827217.4271836281] antigen.zsh:1518
[LOG][1665827217.4271836281] Return from hook antigen with 0
[WRN][1665827217.4273657799] antigen.zsh:1462
[WRN][1665827217.4273657799] Ignoring hook due to mode once: antigen-lock
[WRN][1665827217.4274368286] antigen.zsh:1484
[WRN][1665827217.4274368286] Processing hooks: antigen-lock
[WRN][1665827217.4275243282] antigen.zsh:1505
[WRN][1665827217.4275243282] -antigen-hook-antigen bundle pip
[WRN][1665827217.4277284145] antigen.zsh:1469
[WRN][1665827217.4277284145] Updated meta: target antigen-bundle mode repeat type replace called 3
[WRN][1665827217.4278509617] antigen.zsh:1469
[WRN][1665827217.4278509617] Updated meta: target antigen-bundle mode repeat type pre called 3
[WRN][1665827217.4279479980] antigen.zsh:1484
[WRN][1665827217.4279479980] Processing hooks: antigen-bundle-defer antigen-bundle-cached
[WRN][1665827217.4280276299] antigen.zsh:1487
[WRN][1665827217.4280276299] Pre hook: antigen-bundle-cached pip
[WRN][1665827217.4281539917] antigen.zsh:1498
[WRN][1665827217.4281539917] Replace hook: antigen-bundle-defer pip
[WRN][1665827217.4282555580] antigen.zsh:1500
[WRN][1665827217.4282555580] antigen-bundle-defer shortcircuited
[LOG][1665827217.4283878803] antigen.zsh:1518
[LOG][1665827217.4283878803] Return from hook antigen with 0
[WRN][1665827217.4286224842] antigen.zsh:1462
[WRN][1665827217.4286224842] Ignoring hook due to mode once: antigen-lock
[WRN][1665827217.4287004471] antigen.zsh:1484
[WRN][1665827217.4287004471] Processing hooks: antigen-lock
[WRN][1665827217.4287776947] antigen.zsh:1505
[WRN][1665827217.4287776947] -antigen-hook-antigen bundle command-not-found
[WRN][1665827217.4289751053] antigen.zsh:1469
[WRN][1665827217.4289751053] Updated meta: target antigen-bundle mode repeat type replace called 4
[WRN][1665827217.4290966988] antigen.zsh:1469
[WRN][1665827217.4290966988] Updated meta: target antigen-bundle mode repeat type pre called 4
[WRN][1665827217.4291784763] antigen.zsh:1484
[WRN][1665827217.4291784763] Processing hooks: antigen-bundle-defer antigen-bundle-cached
[WRN][1665827217.4292464256] antigen.zsh:1487
[WRN][1665827217.4292464256] Pre hook: antigen-bundle-cached command-not-found
[WRN][1665827217.4293599129] antigen.zsh:1498
[WRN][1665827217.4293599129] Replace hook: antigen-bundle-defer command-not-found
[WRN][1665827217.4294593334] antigen.zsh:1500
[WRN][1665827217.4294593334] antigen-bundle-defer shortcircuited
[LOG][1665827217.4295873642] antigen.zsh:1518
[LOG][1665827217.4295873642] Return from hook antigen with 0
[WRN][1665827217.4297664165] antigen.zsh:1462
[WRN][1665827217.4297664165] Ignoring hook due to mode once: antigen-lock
[WRN][1665827217.4298367500] antigen.zsh:1484
[WRN][1665827217.4298367500] Processing hooks: antigen-lock
[WRN][1665827217.4299149513] antigen.zsh:1505
[WRN][1665827217.4299149513] -antigen-hook-antigen bundle zsh-users/zsh-syntax-highlighting
[WRN][1665827217.4301164150] antigen.zsh:1469
[WRN][1665827217.4301164150] Updated meta: target antigen-bundle mode repeat type replace called 5
[WRN][1665827217.4302406311] antigen.zsh:1469
[WRN][1665827217.4302406311] Updated meta: target antigen-bundle mode repeat type pre called 5
[WRN][1665827217.4303209782] antigen.zsh:1484
[WRN][1665827217.4303209782] Processing hooks: antigen-bundle-defer antigen-bundle-cached
[WRN][1665827217.4303879738] antigen.zsh:1487
[WRN][1665827217.4303879738] Pre hook: antigen-bundle-cached zsh-users/zsh-syntax-highlighting
[WRN][1665827217.4305040836] antigen.zsh:1498
[WRN][1665827217.4305040836] Replace hook: antigen-bundle-defer zsh-users/zsh-syntax-highlighting
[WRN][1665827217.4306006432] antigen.zsh:1500
[WRN][1665827217.4306006432] antigen-bundle-defer shortcircuited
[LOG][1665827217.4307243824] antigen.zsh:1518
[LOG][1665827217.4307243824] Return from hook antigen with 0
[WRN][1665827217.4309272766] antigen.zsh:1462
[WRN][1665827217.4309272766] Ignoring hook due to mode once: antigen-lock
[WRN][1665827217.4310009480] antigen.zsh:1484
[WRN][1665827217.4310009480] Processing hooks: antigen-lock
[WRN][1665827217.4310777187] antigen.zsh:1505
[WRN][1665827217.4310777187] -antigen-hook-antigen theme refined
[WRN][1665827217.4338541031] antigen.zsh:1469
[WRN][1665827217.4338541031] Updated meta: target antigen-bundle mode repeat type replace called 6
[WRN][1665827217.4340250492] antigen.zsh:1469
[WRN][1665827217.4340250492] Updated meta: target antigen-bundle mode repeat type pre called 6
[WRN][1665827217.4341104031] antigen.zsh:1484
[WRN][1665827217.4341104031] Processing hooks: antigen-bundle-defer antigen-bundle-cached
[WRN][1665827217.4341838360] antigen.zsh:1487
[WRN][1665827217.4341838360] Pre hook: antigen-bundle-cached --loc=themes/refined --btype=theme
[WRN][1665827217.4343082905] antigen.zsh:1498
[WRN][1665827217.4343082905] Replace hook: antigen-bundle-defer --loc=themes/refined --btype=theme
[WRN][1665827217.4344103336] antigen.zsh:1500
[WRN][1665827217.4344103336] antigen-bundle-defer shortcircuited
[LOG][1665827217.4345736504] antigen.zsh:1518
[LOG][1665827217.4345736504] Return from hook antigen with 0
[WRN][1665827217.4347755909] antigen.zsh:1462
[WRN][1665827217.4347755909] Ignoring hook due to mode once: antigen-lock
[WRN][1665827217.4348471165] antigen.zsh:1484
[WRN][1665827217.4348471165] Processing hooks: antigen-lock
[WRN][1665827217.4349250793] antigen.zsh:1505
[WRN][1665827217.4349250793] -antigen-hook-antigen bundle MichaelAquilina/zsh-auto-notify
[WRN][1665827217.4351222515] antigen.zsh:1469
[WRN][1665827217.4351222515] Updated meta: target antigen-bundle mode repeat type replace called 7
[WRN][1665827217.4352827072] antigen.zsh:1469
[WRN][1665827217.4352827072] Updated meta: target antigen-bundle mode repeat type pre called 7
[WRN][1665827217.4353652000] antigen.zsh:1484
[WRN][1665827217.4353652000] Processing hooks: antigen-bundle-defer antigen-bundle-cached
[WRN][1665827217.4354321957] antigen.zsh:1487
[WRN][1665827217.4354321957] Pre hook: antigen-bundle-cached MichaelAquilina/zsh-auto-notify
[WRN][1665827217.4355456829] antigen.zsh:1498
[WRN][1665827217.4355456829] Replace hook: antigen-bundle-defer MichaelAquilina/zsh-auto-notify
[WRN][1665827217.4356403351] antigen.zsh:1500
[WRN][1665827217.4356403351] antigen-bundle-defer shortcircuited
[LOG][1665827217.4357597828] antigen.zsh:1518
[LOG][1665827217.4357597828] Return from hook antigen with 0
[WRN][1665827217.4359357357] antigen.zsh:1462
[WRN][1665827217.4359357357] Ignoring hook due to mode once: antigen-lock
[WRN][1665827217.4360039234] antigen.zsh:1484
[WRN][1665827217.4360039234] Processing hooks: antigen-lock
[WRN][1665827217.4360806942] antigen.zsh:1505
[WRN][1665827217.4360806942] -antigen-hook-antigen bundle zsh-users/zsh-autosuggestions
[WRN][1665827217.4362742901] antigen.zsh:1469
[WRN][1665827217.4362742901] Updated meta: target antigen-bundle mode repeat type replace called 8
[WRN][1665827217.4363894463] antigen.zsh:1469
[WRN][1665827217.4363894463] Updated meta: target antigen-bundle mode repeat type pre called 8
[WRN][1665827217.4364674091] antigen.zsh:1484
[WRN][1665827217.4364674091] Processing hooks: antigen-bundle-defer antigen-bundle-cached
[WRN][1665827217.4365332127] antigen.zsh:1487
[WRN][1665827217.4365332127] Pre hook: antigen-bundle-cached zsh-users/zsh-autosuggestions
[WRN][1665827217.4367201328] antigen.zsh:1498
[WRN][1665827217.4367201328] Replace hook: antigen-bundle-defer zsh-users/zsh-autosuggestions
[WRN][1665827217.4368155003] antigen.zsh:1500
[WRN][1665827217.4368155003] antigen-bundle-defer shortcircuited
[LOG][1665827217.4369354248] antigen.zsh:1518
[LOG][1665827217.4369354248] Return from hook antigen with 0
[WRN][1665827217.4371075630] antigen.zsh:1462
[WRN][1665827217.4371075630] Ignoring hook due to mode once: antigen-lock
[WRN][1665827217.4371750355] antigen.zsh:1484
[WRN][1665827217.4371750355] Processing hooks: antigen-lock
[WRN][1665827217.4372651577] antigen.zsh:1505
[WRN][1665827217.4372651577] -antigen-hook-antigen apply
[WRN][1665827217.4374628067] antigen.zsh:1469
[WRN][1665827217.4374628067] Updated meta: target antigen-apply mode once type post called 1
[WRN][1665827217.4375813007] antigen.zsh:1469
[WRN][1665827217.4375813007] Updated meta: target antigen-apply mode once type pre called 1
[WRN][1665827217.4376966953] antigen.zsh:1469
[WRN][1665827217.4376966953] Updated meta: target antigen-apply mode once type replace called 1
[WRN][1665827217.4378082752] antigen.zsh:1469
[WRN][1665827217.4378082752] Updated meta: target antigen-apply mode once type pre called 1
[WRN][1665827217.4379177094] antigen.zsh:1469
[WRN][1665827217.4379177094] Updated meta: target antigen-apply mode once type post called 1
[WRN][1665827217.4379966259] antigen.zsh:1484
[WRN][1665827217.4379966259] Processing hooks: antigen-apply-lock antigen-apply-parallel antigen-apply-parallel-execute antigen-apply-defer antigen-apply-cached
[WRN][1665827217.4380667210] antigen.zsh:1487
[WRN][1665827217.4380667210] Pre hook: antigen-apply-parallel
[WRN][1665827217.4381372929] antigen.zsh:1744
[WRN][1665827217.4381372929] Parallel pre-apply PARALLEL PRE-APPLY
[WRN][1665827217.4383206367] antigen.zsh:1487
[WRN][1665827217.4383206367] Pre hook: antigen-apply-defer
[WRN][1665827217.4383926392] antigen.zsh:1623
[WRN][1665827217.4383926392] Defer pre-apply DEFER PRE-APPLY
[LOG][1665827217.4386520386] antigen.zsh:1629
[LOG][1665827217.4386520386] Processing deferred bundle: --loc=lib DEFER
[WRN][1665827217.4388387203] antigen.zsh:1469
[WRN][1665827217.4388387203] Updated meta: target antigen-bundle mode repeat type pre called 9
[WRN][1665827217.4389586449] antigen.zsh:1469
[WRN][1665827217.4389586449] Updated meta: target antigen-bundle mode repeat type replace called 1
[WRN][1665827217.4390392303] antigen.zsh:1484
[WRN][1665827217.4390392303] Processing hooks: antigen-bundle-cached antigen-bundle-parallel
[WRN][1665827217.4391067028] antigen.zsh:1487
[WRN][1665827217.4391067028] Pre hook: antigen-bundle-cached --loc=lib
[WRN][1665827217.4392228127] antigen.zsh:1498
[WRN][1665827217.4392228127] Replace hook: antigen-bundle-parallel --loc=lib
[TRA][1665827217.4393036366] /home/qogir/.zshrc:1748
[TRA][1665827217.4393036366] antigen-bundle-parallel: --loc=lib PARALLEL
[TRA][1665827217.4393036366] TRACE
antigen-bundle-parallel
-antigen-hook-handler
antigen-bundle
antigen-apply-defer
-antigen-hook-handler
antigen-apply
-antigen-hook-antigen
-antigen-hook-handler
antigen
/home/qogir/.zshrc
[WRN][1665827217.4394021034] antigen.zsh:1509
[WRN][1665827217.4394021034] Replaced hooked function.
[LOG][1665827217.4394721985] antigen.zsh:1518
[LOG][1665827217.4394721985] Return from hook antigen-bundle with 0
[LOG][1665827217.4395682812] antigen.zsh:1629
[LOG][1665827217.4395682812] Processing deferred bundle: git DEFER
[WRN][1665827217.4397342205] antigen.zsh:1469
[WRN][1665827217.4397342205] Updated meta: target antigen-bundle mode repeat type pre called 10
[WRN][1665827217.4398469925] antigen.zsh:1469
[WRN][1665827217.4398469925] Updated meta: target antigen-bundle mode repeat type replace called 2
[WRN][1665827217.4399256706] antigen.zsh:1484
[WRN][1665827217.4399256706] Processing hooks: antigen-bundle-cached antigen-bundle-parallel
[WRN][1665827217.4399938583] antigen.zsh:1487
[WRN][1665827217.4399938583] Pre hook: antigen-bundle-cached git
[WRN][1665827217.4401278496] antigen.zsh:1498
[WRN][1665827217.4401278496] Replace hook: antigen-bundle-parallel git
[TRA][1665827217.4402229786] /home/qogir/.zshrc:1748
[TRA][1665827217.4402229786] antigen-bundle-parallel: git PARALLEL
[TRA][1665827217.4402229786] TRACE
antigen-bundle-parallel
-antigen-hook-handler
antigen-bundle
antigen-apply-defer
-antigen-hook-handler
antigen-apply
-antigen-hook-antigen
-antigen-hook-handler
antigen
/home/qogir/.zshrc
[WRN][1665827217.4403171539] antigen.zsh:1509
[WRN][1665827217.4403171539] Replaced hooked function.
[LOG][1665827217.4403860569] antigen.zsh:1518
[LOG][1665827217.4403860569] Return from hook antigen-bundle with 0
[LOG][1665827217.4404964447] antigen.zsh:1629
[LOG][1665827217.4404964447] Processing deferred bundle: pip DEFER
[WRN][1665827217.4406671524] antigen.zsh:1469
[WRN][1665827217.4406671524] Updated meta: target antigen-bundle mode repeat type pre called 11
[WRN][1665827217.4407825470] antigen.zsh:1469
[WRN][1665827217.4407825470] Updated meta: target antigen-bundle mode repeat type replace called 3
[WRN][1665827217.4408624172] antigen.zsh:1484
[WRN][1665827217.4408624172] Processing hooks: antigen-bundle-cached antigen-bundle-parallel
[WRN][1665827217.4409286976] antigen.zsh:1487
[WRN][1665827217.4409286976] Pre hook: antigen-bundle-cached pip
[WRN][1665827217.4410426617] antigen.zsh:1498
[WRN][1665827217.4410426617] Replace hook: antigen-bundle-parallel pip
[TRA][1665827217.4411165714] /home/qogir/.zshrc:1748
[TRA][1665827217.4411165714] antigen-bundle-parallel: pip PARALLEL
[TRA][1665827217.4411165714] TRACE
antigen-bundle-parallel
-antigen-hook-handler
antigen-bundle
antigen-apply-defer
-antigen-hook-handler
antigen-apply
-antigen-hook-antigen
-antigen-hook-handler
antigen
/home/qogir/.zshrc
[WRN][1665827217.4412095547] antigen.zsh:1509
[WRN][1665827217.4412095547] Replaced hooked function.
[LOG][1665827217.4412782192] antigen.zsh:1518
[LOG][1665827217.4412782192] Return from hook antigen-bundle with 0
[LOG][1665827217.4413754940] antigen.zsh:1629
[LOG][1665827217.4413754940] Processing deferred bundle: command-not-found DEFER
[WRN][1665827217.4415421486] antigen.zsh:1469
[WRN][1665827217.4415421486] Updated meta: target antigen-bundle mode repeat type pre called 12
[WRN][1665827217.4416553974] antigen.zsh:1469
[WRN][1665827217.4416553974] Updated meta: target antigen-bundle mode repeat type replace called 4
[WRN][1665827217.4417374134] antigen.zsh:1484
[WRN][1665827217.4417374134] Processing hooks: antigen-bundle-cached antigen-bundle-parallel
[WRN][1665827217.4418127537] antigen.zsh:1487
[WRN][1665827217.4418127537] Pre hook: antigen-bundle-cached command-not-found
[WRN][1665827217.4419786930] antigen.zsh:1498
[WRN][1665827217.4419786930] Replace hook: antigen-bundle-parallel command-not-found
[TRA][1665827217.4420769215] /home/qogir/.zshrc:1748
[TRA][1665827217.4420769215] antigen-bundle-parallel: command-not-found PARALLEL
[TRA][1665827217.4420769215] TRACE
antigen-bundle-parallel
-antigen-hook-handler
antigen-bundle
antigen-apply-defer
-antigen-hook-handler
antigen-apply
-antigen-hook-antigen
-antigen-hook-handler
antigen
/home/qogir/.zshrc
[WRN][1665827217.4421720505] antigen.zsh:1509
[WRN][1665827217.4421720505] Replaced hooked function.
[LOG][1665827217.4422414303] antigen.zsh:1518
[LOG][1665827217.4422414303] Return from hook antigen-bundle with 0
[LOG][1665827217.4423396587] antigen.zsh:1629
[LOG][1665827217.4423396587] Processing deferred bundle: zsh-users/zsh-syntax-highlighting DEFER
[WRN][1665827217.4425115585] antigen.zsh:1469
[WRN][1665827217.4425115585] Updated meta: target antigen-bundle mode repeat type pre called 13
[WRN][1665827217.4426245689] antigen.zsh:1469
[WRN][1665827217.4426245689] Updated meta: target antigen-bundle mode repeat type replace called 5
[WRN][1665827217.4427030087] antigen.zsh:1484
[WRN][1665827217.4427030087] Processing hooks: antigen-bundle-cached antigen-bundle-parallel
[WRN][1665827217.4427702427] antigen.zsh:1487
[WRN][1665827217.4427702427] Pre hook: antigen-bundle-cached zsh-users/zsh-syntax-highlighting
[WRN][1665827217.4428863525] antigen.zsh:1498
[WRN][1665827217.4428863525] Replace hook: antigen-bundle-parallel zsh-users/zsh-syntax-highlighting
[TRA][1665827217.4429600239] /home/qogir/.zshrc:1748
[TRA][1665827217.4429600239] antigen-bundle-parallel: zsh-users/zsh-syntax-highlighting PARALLEL
[TRA][1665827217.4429600239] TRACE
antigen-bundle-parallel
-antigen-hook-handler
antigen-bundle
antigen-apply-defer
-antigen-hook-handler
antigen-apply
-antigen-hook-antigen
-antigen-hook-handler
antigen
/home/qogir/.zshrc
[WRN][1665827217.4430530071] antigen.zsh:1509
[WRN][1665827217.4430530071] Replaced hooked function.
[LOG][1665827217.4431214333] antigen.zsh:1518
[LOG][1665827217.4431214333] Return from hook antigen-bundle with 0
[LOG][1665827217.4432294369] antigen.zsh:1629
[LOG][1665827217.4432294369] Processing deferred bundle: --loc=themes/refined --btype=theme DEFER
[WRN][1665827217.4433944225] antigen.zsh:1469
[WRN][1665827217.4433944225] Updated meta: target antigen-bundle mode repeat type pre called 14
[WRN][1665827217.4435057640] antigen.zsh:1469
[WRN][1665827217.4435057640] Updated meta: target antigen-bundle mode repeat type replace called 6
[WRN][1665827217.4435837269] antigen.zsh:1484
[WRN][1665827217.4435837269] Processing hooks: antigen-bundle-cached antigen-bundle-parallel
[WRN][1665827217.4436497688] antigen.zsh:1487
[WRN][1665827217.4436497688] Pre hook: antigen-bundle-cached --loc=themes/refined --btype=theme
[WRN][1665827217.4437623024] antigen.zsh:1498
[WRN][1665827217.4437623024] Replace hook: antigen-bundle-parallel --loc=themes/refined --btype=theme
[TRA][1665827217.4438354969] /home/qogir/.zshrc:1748
[TRA][1665827217.4438354969] antigen-bundle-parallel: --loc=themes/refined --btype=theme PARALLEL
[TRA][1665827217.4438354969] TRACE
antigen-bundle-parallel
-antigen-hook-handler
antigen-bundle
antigen-apply-defer
-antigen-hook-handler
antigen-apply
-antigen-hook-antigen
-antigen-hook-handler
antigen
/home/qogir/.zshrc
[WRN][1665827217.4439277649] antigen.zsh:1509
[WRN][1665827217.4439277649] Replaced hooked function.
[LOG][1665827217.4439957142] antigen.zsh:1518
[LOG][1665827217.4439957142] Return from hook antigen-bundle with 0
[LOG][1665827217.4440886974] antigen.zsh:1629
[LOG][1665827217.4440886974] Processing deferred bundle: MichaelAquilina/zsh-auto-notify DEFER
[WRN][1665827217.4442539215] antigen.zsh:1469
[WRN][1665827217.4442539215] Updated meta: target antigen-bundle mode repeat type pre called 15
[WRN][1665827217.4443655014] antigen.zsh:1469
[WRN][1665827217.4443655014] Updated meta: target antigen-bundle mode repeat type replace called 7
[WRN][1665827217.4444441795] antigen.zsh:1484
[WRN][1665827217.4444441795] Processing hooks: antigen-bundle-cached antigen-bundle-parallel
[WRN][1665827217.4445099831] antigen.zsh:1487
[WRN][1665827217.4445099831] Pre hook: antigen-bundle-cached MichaelAquilina/zsh-auto-notify
[WRN][1665827217.4446232319] antigen.zsh:1498
[WRN][1665827217.4446232319] Replace hook: antigen-bundle-parallel MichaelAquilina/zsh-auto-notify
[TRA][1665827217.4446971416] /home/qogir/.zshrc:1748
[TRA][1665827217.4446971416] antigen-bundle-parallel: MichaelAquilina/zsh-auto-notify PARALLEL
[TRA][1665827217.4446971416] TRACE
antigen-bundle-parallel
-antigen-hook-handler
antigen-bundle
antigen-apply-defer
-antigen-hook-handler
antigen-apply
-antigen-hook-antigen
-antigen-hook-handler
antigen
/home/qogir/.zshrc
[WRN][1665827217.4447908401] antigen.zsh:1509
[WRN][1665827217.4447908401] Replaced hooked function.
[LOG][1665827217.4448590279] antigen.zsh:1518
[LOG][1665827217.4448590279] Return from hook antigen-bundle with 0
[LOG][1665827217.4449532032] antigen.zsh:1629
[LOG][1665827217.4449532032] Processing deferred bundle: zsh-users/zsh-autosuggestions DEFER
[WRN][1665827217.4451172352] antigen.zsh:1469
[WRN][1665827217.4451172352] Updated meta: target antigen-bundle mode repeat type pre called 16
[WRN][1665827217.4452700615] antigen.zsh:1469
[WRN][1665827217.4452700615] Updated meta: target antigen-bundle mode repeat type replace called 8
[WRN][1665827217.4453525543] antigen.zsh:1484
[WRN][1665827217.4453525543] Processing hooks: antigen-bundle-cached antigen-bundle-parallel
[WRN][1665827217.4454193115] antigen.zsh:1487
[WRN][1665827217.4454193115] Pre hook: antigen-bundle-cached zsh-users/zsh-autosuggestions
[WRN][1665827217.4455349445] antigen.zsh:1498
[WRN][1665827217.4455349445] Replace hook: antigen-bundle-parallel zsh-users/zsh-autosuggestions
[TRA][1665827217.4456171989] /home/qogir/.zshrc:1748
[TRA][1665827217.4456171989] antigen-bundle-parallel: zsh-users/zsh-autosuggestions PARALLEL
[TRA][1665827217.4456171989] TRACE
antigen-bundle-parallel
-antigen-hook-handler
antigen-bundle
antigen-apply-defer
-antigen-hook-handler
antigen-apply
-antigen-hook-antigen
-antigen-hook-handler
antigen
/home/qogir/.zshrc
[WRN][1665827217.4457325935] antigen.zsh:1509
[WRN][1665827217.4457325935] Replaced hooked function.
[LOG][1665827217.4458029270] antigen.zsh:1518
[LOG][1665827217.4458029270] Return from hook antigen-bundle with 0
[WRN][1665827217.4459507465] antigen.zsh:1498
[WRN][1665827217.4459507465] Replace hook: antigen-apply-parallel-execute
[WRN][1665827217.4460258484] antigen.zsh:1756
[WRN][1665827217.4460258484] Parallel replace-apply PARALLEL REPLACE-APPLY
[WRN][1665827217.4463274479] antigen.zsh:1695
[WRN][1665827217.4463274479] Parallel antigen-bundle-parallel-execute PARALLEL
[WRN][1665827217.4464576244] antigen.zsh:1699
[WRN][1665827217.4464576244] Gonna install in parallel 8 bundles. PARALLEL
[WRN][1665827217.4465279579] antigen.zsh:1701
[WRN][1665827217.4465279579] --loc=lib git pip command-not-found zsh-users/zsh-syntax-highlighting --loc=themes/refined --btype=theme MichaelAquilina/zsh-auto-notify zsh-users/zsh-autosuggestions PARALLEL
[WRN][1665827217.4471361637] antigen.zsh:1708
[WRN][1665827217.4471361637] Install in parallel robbyrussell/oh-my-zsh. PARALLEL
[WRN][1665827217.4483795166] antigen.zsh:1715
[WRN][1665827217.4483795166] Bundle robbyrussell/oh-my-zsh already cloned locally. PARALLEL
[WRN][1665827217.4489398003] antigen.zsh:1715
[WRN][1665827217.4489398003] Bundle robbyrussell/oh-my-zsh already cloned locally. PARALLEL
[WRN][1665827217.4494097233] antigen.zsh:1715
[WRN][1665827217.4494097233] Bundle robbyrussell/oh-my-zsh already cloned locally. PARALLEL
[WRN][1665827217.4498877525] antigen.zsh:1708
[WRN][1665827217.4498877525] Install in parallel zsh-users/zsh-syntax-highlighting. PARALLEL
[WRN][1665827217.4551784992] antigen.zsh:1715
[WRN][1665827217.4551784992] Bundle robbyrussell/oh-my-zsh already cloned locally. PARALLEL
[WRN][1665827217.4559156895] antigen.zsh:1708
[WRN][1665827217.4559156895] Install in parallel MichaelAquilina/zsh-auto-notify. PARALLEL
[WRN][1665827217.4606101513] antigen.zsh:1708
[WRN][1665827217.4606101513] Install in parallel zsh-users/zsh-autosuggestions. PARALLEL
[WRN][1665827228.6131246090] antigen.zsh:1469
[WRN][1665827228.6131246090] Updated meta: target antigen-bundle mode repeat type pre called 17
[WRN][1665827228.6132624149] antigen.zsh:1484
[WRN][1665827228.6132624149] Processing hooks: antigen-bundle-cached
[WRN][1665827228.6133382320] antigen.zsh:1487
[WRN][1665827228.6133382320] Pre hook: antigen-bundle-cached --loc=lib
[WRN][1665827228.6134538651] antigen.zsh:1505
[WRN][1665827228.6134538651] -antigen-hook-antigen-bundle --loc=lib
[TRA][1665827228.6135363579] antigen.zsh:1438
[TRA][1665827228.6135363579] Called antigen-bundle with --loc=lib BUNDLE
[TRA][1665827228.6135363579] TRACE
-antigen-hook-antigen-bundle
-antigen-hook-handler
antigen-bundle
antigen-bundle-parallel-execute
antigen-apply-parallel-execute
-antigen-hook-handler
antigen-apply
-antigen-hook-antigen
-antigen-hook-handler
antigen
/home/qogir/.zshrc
[WRN][1665827228.6145339012] antigen.zsh:1469
[WRN][1665827228.6145339012] Updated meta: target -antigen-load-env mode repeat type replace called 1
[WRN][1665827228.6146302223] antigen.zsh:1484
[WRN][1665827228.6146302223] Processing hooks: -antigen-load-env-cached
[WRN][1665827228.6147370338] antigen.zsh:1498
[WRN][1665827228.6147370338] Replace hook: -antigen-load-env-cached dir /home/qogir/.antigen/bundles/robbyrussell/oh-my-zsh btype plugin url https://github.com/robbyrussell/oh-my-zsh.git loc lib name robbyrussell/oh-my-zsh make_local_clone true
[WRN][1665827228.6148905754] antigen.zsh:1509
[WRN][1665827228.6148905754] Replaced hooked function.
[LOG][1665827228.6149652004] antigen.zsh:1518
[LOG][1665827228.6149652004] Return from hook -antigen-load-env with 0
[WRN][1665827228.6152710915] antigen.zsh:1469
[WRN][1665827228.6152710915] Updated meta: target -antigen-load-source mode repeat type replace called 1
[WRN][1665827228.6153750420] antigen.zsh:1484
[WRN][1665827228.6153750420] Processing hooks: -antigen-load-source-cached
[WRN][1665827228.6154878139] antigen.zsh:1498
[WRN][1665827228.6154878139] Replace hook: -antigen-load-source-cached /home/qogir/.antigen/bundles/robbyrussell/oh-my-zsh/lib/bzr.zsh /home/qogir/.antigen/bundles/robbyrussell/oh-my-zsh/lib/clipboard.zsh /home/qogir/.antigen/bundles/robbyrussell/oh-my-zsh/lib/cli.zsh /home/qogir/.antigen/bundles/robbyrussell/oh-my-zsh/lib/compfix.zsh /home/qogir/.antigen/bundles/robbyrussell/oh-my-zsh/lib/completion.zsh /home/qogir/.antigen/bundles/robbyrussell/oh-my-zsh/lib/correction.zsh /home/qogir/.antigen/bundles/robbyrussell/oh-my-zsh/lib/diagnostics.zsh /home/qogir/.antigen/bundles/robbyrussell/oh-my-zsh/lib/directories.zsh /home/qogir/.antigen/bundles/robbyrussell/oh-my-zsh/lib/functions.zsh /home/qogir/.antigen/bundles/robbyrussell/oh-my-zsh/lib/git.zsh /home/qogir/.antigen/bundles/robbyrussell/oh-my-zsh/lib/grep.zsh /home/qogir/.antigen/bundles/robbyrussell/oh-my-zsh/lib/history.zsh /home/qogir/.antigen/bundles/robbyrussell/oh-my-zsh/lib/key-bindings.zsh /home/qogir/.antigen/bundles/robbyrussell/oh-my-zsh/lib/misc.zsh /home/qogir/.antigen/bundles/robbyrussell/oh-my-zsh/lib/nvm.zsh /home/qogir/.antigen/bundles/robbyrussell/oh-my-zsh/lib/prompt_info_functions.zsh /home/qogir/.antigen/bundles/robbyrussell/oh-my-zsh/lib/spectrum.zsh /home/qogir/.antigen/bundles/robbyrussell/oh-my-zsh/lib/termsupport.zsh /home/qogir/.antigen/bundles/robbyrussell/oh-my-zsh/lib/theme-and-appearance.zsh /home/qogir/.antigen/bundles/robbyrussell/oh-my-zsh/lib/vcs_info.zsh
[WRN][1665827228.6156761646] antigen.zsh:1509
[WRN][1665827228.6156761646] Replaced hooked function.
[LOG][1665827228.6157491207] antigen.zsh:1518
[LOG][1665827228.6157491207] Return from hook -antigen-load-source with 0
[LOG][1665827228.6158921719] antigen.zsh:1518
[LOG][1665827228.6158921719] Return from hook antigen-bundle with 0
[WRN][1665827228.6160933971] antigen.zsh:1469
[WRN][1665827228.6160933971] Updated meta: target antigen-bundle mode repeat type pre called 18
[WRN][1665827228.6161756516] antigen.zsh:1484
[WRN][1665827228.6161756516] Processing hooks: antigen-bundle-cached
[WRN][1665827228.6162428856] antigen.zsh:1487
[WRN][1665827228.6162428856] Pre hook: antigen-bundle-cached git
[WRN][1665827228.6163487434] antigen.zsh:1505
[WRN][1665827228.6163487434] -antigen-hook-antigen-bundle git
[TRA][1665827228.6164214611] antigen.zsh:1438
[TRA][1665827228.6164214611] Called antigen-bundle with git BUNDLE
[TRA][1665827228.6164214611] TRACE
-antigen-hook-antigen-bundle
-antigen-hook-handler
antigen-bundle
antigen-bundle-parallel-execute
antigen-apply-parallel-execute
-antigen-hook-handler
antigen-apply
-antigen-hook-antigen
-antigen-hook-handler
antigen
/home/qogir/.zshrc
[WRN][1665827228.6171591282] antigen.zsh:1469
[WRN][1665827228.6171591282] Updated meta: target -antigen-load-env mode repeat type replace called 2
[WRN][1665827228.6172478199] antigen.zsh:1484
[WRN][1665827228.6172478199] Processing hooks: -antigen-load-env-cached
[WRN][1665827228.6173460484] antigen.zsh:1498
[WRN][1665827228.6173460484] Replace hook: -antigen-load-env-cached dir /home/qogir/.antigen/bundles/robbyrussell/oh-my-zsh btype plugin url https://github.com/robbyrussell/oh-my-zsh.git loc plugins/git name robbyrussell/oh-my-zsh make_local_clone true
[WRN][1665827228.6174912453] antigen.zsh:1509
[WRN][1665827228.6174912453] Replaced hooked function.
[LOG][1665827228.6175632477] antigen.zsh:1518
[LOG][1665827228.6175632477] Return from hook -antigen-load-env with 0
[WRN][1665827228.6177678108] antigen.zsh:1469
[WRN][1665827228.6177678108] Updated meta: target -antigen-load-source mode repeat type replace called 2
[WRN][1665827228.6178514957] antigen.zsh:1484
[WRN][1665827228.6178514957] Processing hooks: -antigen-load-source-cached
[WRN][1665827228.6179387569] antigen.zsh:1498
[WRN][1665827228.6179387569] Replace hook: -antigen-load-source-cached /home/qogir/.antigen/bundles/robbyrussell/oh-my-zsh/plugins/git/git.plugin.zsh
[WRN][1665827228.6180372238] antigen.zsh:1509
[WRN][1665827228.6180372238] Replaced hooked function.
[LOG][1665827228.6181077957] antigen.zsh:1518
[LOG][1665827228.6181077957] Return from hook -antigen-load-source with 0
[LOG][1665827228.6182494164] antigen.zsh:1518
[LOG][1665827228.6182494164] Return from hook antigen-bundle with 0
[WRN][1665827228.6184465885] antigen.zsh:1469
[WRN][1665827228.6184465885] Updated meta: target antigen-bundle mode repeat type pre called 19
[WRN][1665827228.6185359955] antigen.zsh:1484
[WRN][1665827228.6185359955] Processing hooks: antigen-bundle-cached
[WRN][1665827228.6186051369] antigen.zsh:1487
[WRN][1665827228.6186051369] Pre hook: antigen-bundle-cached pip
[WRN][1665827228.6187107563] antigen.zsh:1505
[WRN][1665827228.6187107563] -antigen-hook-antigen-bundle pip
[TRA][1665827228.6187829971] antigen.zsh:1438
[TRA][1665827228.6187829971] Called antigen-bundle with pip BUNDLE
[TRA][1665827228.6187829971] TRACE
-antigen-hook-antigen-bundle
-antigen-hook-handler
antigen-bundle
antigen-bundle-parallel-execute
antigen-apply-parallel-execute
-antigen-hook-handler
antigen-apply
-antigen-hook-antigen
-antigen-hook-handler
antigen
/home/qogir/.zshrc
[WRN][1665827228.6195144653] antigen.zsh:1469
[WRN][1665827228.6195144653] Updated meta: target -antigen-load-env mode repeat type replace called 3
[WRN][1665827228.6196060181] antigen.zsh:1484
[WRN][1665827228.6196060181] Processing hooks: -antigen-load-env-cached
[WRN][1665827228.6197059155] antigen.zsh:1498
[WRN][1665827228.6197059155] Replace hook: -antigen-load-env-cached dir /home/qogir/.antigen/bundles/robbyrussell/oh-my-zsh btype plugin url https://github.com/robbyrussell/oh-my-zsh.git loc plugins/pip name robbyrussell/oh-my-zsh make_local_clone true
[WRN][1665827228.6198534966] antigen.zsh:1509
[WRN][1665827228.6198534966] Replaced hooked function.
[LOG][1665827228.6199257374] antigen.zsh:1518
[LOG][1665827228.6199257374] Return from hook -antigen-load-env with 0
[WRN][1665827228.6201295853] antigen.zsh:1469
[WRN][1665827228.6201295853] Updated meta: target -antigen-load-source mode repeat type replace called 3
[WRN][1665827228.6202139854] antigen.zsh:1484
[WRN][1665827228.6202139854] Processing hooks: -antigen-load-source-cached
[WRN][1665827228.6203017235] antigen.zsh:1498
[WRN][1665827228.6203017235] Replace hook: -antigen-load-source-cached /home/qogir/.antigen/bundles/robbyrussell/oh-my-zsh/plugins/pip/pip.plugin.zsh
[WRN][1665827228.6204001904] antigen.zsh:1509
[WRN][1665827228.6204001904] Replaced hooked function.
[LOG][1665827228.6204702854] antigen.zsh:1518
[LOG][1665827228.6204702854] Return from hook -antigen-load-source with 0
[LOG][1665827228.6206042767] antigen.zsh:1518
[LOG][1665827228.6206042767] Return from hook antigen-bundle with 0
[WRN][1665827228.6208019257] antigen.zsh:1469
[WRN][1665827228.6208019257] Updated meta: target antigen-bundle mode repeat type pre called 20
[WRN][1665827228.6208825111] antigen.zsh:1484
[WRN][1665827228.6208825111] Processing hooks: antigen-bundle-cached
[WRN][1665827228.6209497452] antigen.zsh:1487
[WRN][1665827228.6209497452] Pre hook: antigen-bundle-cached command-not-found
[WRN][1665827228.6210556030] antigen.zsh:1505
[WRN][1665827228.6210556030] -antigen-hook-antigen-bundle command-not-found
[TRA][1665827228.6211283207] antigen.zsh:1438
[TRA][1665827228.6211283207] Called antigen-bundle with command-not-found BUNDLE
[TRA][1665827228.6211283207] TRACE
-antigen-hook-antigen-bundle
-antigen-hook-handler
antigen-bundle
antigen-bundle-parallel-execute
antigen-apply-parallel-execute
-antigen-hook-handler
antigen-apply
-antigen-hook-antigen
-antigen-hook-handler
antigen
/home/qogir/.zshrc
[WRN][1665827228.6218845844] antigen.zsh:1469
[WRN][1665827228.6218845844] Updated meta: target -antigen-load-env mode repeat type replace called 4
[WRN][1665827228.6219775677] antigen.zsh:1484
[WRN][1665827228.6219775677] Processing hooks: -antigen-load-env-cached
[WRN][1665827228.6220774651] antigen.zsh:1498
[WRN][1665827228.6220774651] Replace hook: -antigen-load-env-cached dir /home/qogir/.antigen/bundles/robbyrussell/oh-my-zsh btype plugin url https://github.com/robbyrussell/oh-my-zsh.git loc plugins/command-not-found name robbyrussell/oh-my-zsh make_local_clone true
[WRN][1665827228.6222326756] antigen.zsh:1509
[WRN][1665827228.6222326756] Replaced hooked function.
[LOG][1665827228.6223049164] antigen.zsh:1518
[LOG][1665827228.6223049164] Return from hook -antigen-load-env with 0
[WRN][1665827228.6225085258] antigen.zsh:1469
[WRN][1665827228.6225085258] Updated meta: target -antigen-load-source mode repeat type replace called 4
[WRN][1665827228.6225922108] antigen.zsh:1484
[WRN][1665827228.6225922108] Processing hooks: -antigen-load-source-cached
[WRN][1665827228.6226806641] antigen.zsh:1498
[WRN][1665827228.6226806641] Replace hook: -antigen-load-source-cached /home/qogir/.antigen/bundles/robbyrussell/oh-my-zsh/plugins/command-not-found/command-not-found.plugin.zsh
[WRN][1665827228.6227803230] antigen.zsh:1509
[WRN][1665827228.6227803230] Replaced hooked function.
[LOG][1665827228.6228506565] antigen.zsh:1518
[LOG][1665827228.6228506565] Return from hook -antigen-load-source with 0
[LOG][1665827228.6229848862] antigen.zsh:1518
[LOG][1665827228.6229848862] Return from hook antigen-bundle with 0
[WRN][1665827228.6231818199] antigen.zsh:1469
[WRN][1665827228.6231818199] Updated meta: target antigen-bundle mode repeat type pre called 21
[WRN][1665827228.6232624054] antigen.zsh:1484
[WRN][1665827228.6232624054] Processing hooks: antigen-bundle-cached
[WRN][1665827228.6233298779] antigen.zsh:1487
[WRN][1665827228.6233298779] Pre hook: antigen-bundle-cached zsh-users/zsh-syntax-highlighting
[WRN][1665827228.6234374046] antigen.zsh:1505
[WRN][1665827228.6234374046] -antigen-hook-antigen-bundle zsh-users/zsh-syntax-highlighting
[TRA][1665827228.6235101223] antigen.zsh:1438
[TRA][1665827228.6235101223] Called antigen-bundle with zsh-users/zsh-syntax-highlighting BUNDLE
[TRA][1665827228.6235101223] TRACE
-antigen-hook-antigen-bundle
-antigen-hook-handler
antigen-bundle
antigen-bundle-parallel-execute
antigen-apply-parallel-execute
-antigen-hook-handler
antigen-apply
-antigen-hook-antigen
-antigen-hook-handler
antigen
/home/qogir/.zshrc
[WRN][1665827228.6242671013] antigen.zsh:1469
[WRN][1665827228.6242671013] Updated meta: target -antigen-load-env mode repeat type replace called 5
[WRN][1665827228.6243557930] antigen.zsh:1484
[WRN][1665827228.6243557930] Processing hooks: -antigen-load-env-cached
[WRN][1665827228.6244540215] antigen.zsh:1498
[WRN][1665827228.6244540215] Replace hook: -antigen-load-env-cached dir /home/qogir/.antigen/bundles/zsh-users/zsh-syntax-highlighting btype plugin url https://github.com/zsh-users/zsh-syntax-highlighting.git loc / name zsh-users/zsh-syntax-highlighting make_local_clone true
[WRN][1665827228.6246027946] antigen.zsh:1509
[WRN][1665827228.6246027946] Replaced hooked function.
[LOG][1665827228.6246743202] antigen.zsh:1518
[LOG][1665827228.6246743202] Return from hook -antigen-load-env with 0
[WRN][1665827228.6248774529] antigen.zsh:1469
[WRN][1665827228.6248774529] Updated meta: target -antigen-load-source mode repeat type replace called 5
[WRN][1665827228.6249611378] antigen.zsh:1484
[WRN][1665827228.6249611378] Processing hooks: -antigen-load-source-cached
[WRN][1665827228.6250498295] antigen.zsh:1498
[WRN][1665827228.6250498295] Replace hook: -antigen-load-source-cached /home/qogir/.antigen/bundles/zsh-users/zsh-syntax-highlighting///zsh-syntax-highlighting.plugin.zsh
[WRN][1665827228.6251497269] antigen.zsh:1509
[WRN][1665827228.6251497269] Replaced hooked function.
[LOG][1665827228.6252384186] antigen.zsh:1518
[LOG][1665827228.6252384186] Return from hook -antigen-load-source with 0
[LOG][1665827228.6253755093] antigen.zsh:1518
[LOG][1665827228.6253755093] Return from hook antigen-bundle with 0
[WRN][1665827228.6255731583] antigen.zsh:1469
[WRN][1665827228.6255731583] Updated meta: target antigen-bundle mode repeat type pre called 22
[WRN][1665827228.6256535053] antigen.zsh:1484
[WRN][1665827228.6256535053] Processing hooks: antigen-bundle-cached
[WRN][1665827228.6257209778] antigen.zsh:1487
[WRN][1665827228.6257209778] Pre hook: antigen-bundle-cached --loc=themes/refined --btype=theme
[WRN][1665827228.6258280277] antigen.zsh:1505
[WRN][1665827228.6258280277] -antigen-hook-antigen-bundle --loc=themes/refined --btype=theme
[TRA][1665827228.6259078979] antigen.zsh:1438
[TRA][1665827228.6259078979] Called antigen-bundle with --loc=themes/refined --btype=theme BUNDLE
[TRA][1665827228.6259078979] TRACE
-antigen-hook-antigen-bundle
-antigen-hook-handler
antigen-bundle
antigen-bundle-parallel-execute
antigen-apply-parallel-execute
-antigen-hook-handler
antigen-apply
-antigen-hook-antigen
-antigen-hook-handler
antigen
/home/qogir/.zshrc
[WRN][1665827228.6265504360] antigen.zsh:1469
[WRN][1665827228.6265504360] Updated meta: target -antigen-load-env mode repeat type replace called 6
[WRN][1665827228.6266384125] antigen.zsh:1484
[WRN][1665827228.6266384125] Processing hooks: -antigen-load-env-cached
[WRN][1665827228.6267356873] antigen.zsh:1498
[WRN][1665827228.6267356873] Replace hook: -antigen-load-env-cached dir /home/qogir/.antigen/bundles/robbyrussell/oh-my-zsh btype theme url https://github.com/robbyrussell/oh-my-zsh.git loc themes/refined.zsh-theme name robbyrussell/oh-my-zsh make_local_clone true
[WRN][1665827228.6268794537] antigen.zsh:1509
[WRN][1665827228.6268794537] Replaced hooked function.
[LOG][1665827228.6269512177] antigen.zsh:1518
[LOG][1665827228.6269512177] Return from hook -antigen-load-env with 0
[WRN][1665827228.6271531582] antigen.zsh:1469
[WRN][1665827228.6271531582] Updated meta: target -antigen-load-source mode repeat type replace called 6
[WRN][1665827228.6272363663] antigen.zsh:1484
[WRN][1665827228.6272363663] Processing hooks: -antigen-load-source-cached
[WRN][1665827228.6273236275] antigen.zsh:1498
[WRN][1665827228.6273236275] Replace hook: -antigen-load-source-cached /home/qogir/.antigen/bundles/robbyrussell/oh-my-zsh/themes/refined.zsh-theme
[WRN][1665827228.6274218559] antigen.zsh:1509
[WRN][1665827228.6274218559] Replaced hooked function.
[LOG][1665827228.6274931431] antigen.zsh:1518
[LOG][1665827228.6274931431] Return from hook -antigen-load-source with 0
[LOG][1665827228.6276266575] antigen.zsh:1518
[LOG][1665827228.6276266575] Return from hook antigen-bundle with 0
[WRN][1665827228.6278219223] antigen.zsh:1469
[WRN][1665827228.6278219223] Updated meta: target antigen-bundle mode repeat type pre called 23
[WRN][1665827228.6279025078] antigen.zsh:1484
[WRN][1665827228.6279025078] Processing hooks: antigen-bundle-cached
[WRN][1665827228.6279699802] antigen.zsh:1487
[WRN][1665827228.6279699802] Pre hook: antigen-bundle-cached MichaelAquilina/zsh-auto-notify
[WRN][1665827228.6280772686] antigen.zsh:1505
[WRN][1665827228.6280772686] -antigen-hook-antigen-bundle MichaelAquilina/zsh-auto-notify
[TRA][1665827228.6281497478] antigen.zsh:1438
[TRA][1665827228.6281497478] Called antigen-bundle with MichaelAquilina/zsh-auto-notify BUNDLE
[TRA][1665827228.6281497478] TRACE
-antigen-hook-antigen-bundle
-antigen-hook-handler
antigen-bundle
antigen-bundle-parallel-execute
antigen-apply-parallel-execute
-antigen-hook-handler
antigen-apply
-antigen-hook-antigen
-antigen-hook-handler
antigen
/home/qogir/.zshrc
[WRN][1665827228.6289224625] antigen.zsh:1469
[WRN][1665827228.6289224625] Updated meta: target -antigen-load-env mode repeat type replace called 7
[WRN][1665827228.6290113926] antigen.zsh:1484
[WRN][1665827228.6290113926] Processing hooks: -antigen-load-env-cached
[WRN][1665827228.6291089058] antigen.zsh:1498
[WRN][1665827228.6291089058] Replace hook: -antigen-load-env-cached dir /home/qogir/.antigen/bundles/MichaelAquilina/zsh-auto-notify btype plugin url https://github.com/MichaelAquilina/zsh-auto-notify.git loc / name MichaelAquilina/zsh-auto-notify make_local_clone true
[WRN][1665827228.6292574406] antigen.zsh:1509
[WRN][1665827228.6292574406] Replaced hooked function.
[LOG][1665827228.6293294430] antigen.zsh:1518
[LOG][1665827228.6293294430] Return from hook -antigen-load-env with 0
[WRN][1665827228.6295328140] antigen.zsh:1469
[WRN][1665827228.6295328140] Updated meta: target -antigen-load-source mode repeat type replace called 7
[WRN][1665827228.6296160221] antigen.zsh:1484
[WRN][1665827228.6296160221] Processing hooks: -antigen-load-source-cached
[WRN][1665827228.6297113895] antigen.zsh:1498
[WRN][1665827228.6297113895] Replace hook: -antigen-load-source-cached /home/qogir/.antigen/bundles/MichaelAquilina/zsh-auto-notify///auto-notify.plugin.zsh
[WRN][1665827228.6298103333] antigen.zsh:1509
[WRN][1665827228.6298103333] Replaced hooked function.
[LOG][1665827228.6298818588] antigen.zsh:1518
[LOG][1665827228.6298818588] Return from hook -antigen-load-source with 0
[LOG][1665827228.6300175190] antigen.zsh:1518
[LOG][1665827228.6300175190] Return from hook antigen-bundle with 0
[WRN][1665827228.6302161217] antigen.zsh:1469
[WRN][1665827228.6302161217] Updated meta: target antigen-bundle mode repeat type pre called 24
[WRN][1665827228.6302969456] antigen.zsh:1484
[WRN][1665827228.6302969456] Processing hooks: antigen-bundle-cached
[WRN][1665827228.6303637028] antigen.zsh:1487
[WRN][1665827228.6303637028] Pre hook: antigen-bundle-cached zsh-users/zsh-autosuggestions
[WRN][1665827228.6304700375] antigen.zsh:1505
[WRN][1665827228.6304700375] -antigen-hook-antigen-bundle zsh-users/zsh-autosuggestions
[TRA][1665827228.6305427551] antigen.zsh:1438
[TRA][1665827228.6305427551] Called antigen-bundle with zsh-users/zsh-autosuggestions BUNDLE
[TRA][1665827228.6305427551] TRACE
-antigen-hook-antigen-bundle
-antigen-hook-handler
antigen-bundle
antigen-bundle-parallel-execute
antigen-apply-parallel-execute
-antigen-hook-handler
antigen-apply
-antigen-hook-antigen
-antigen-hook-handler
antigen
/home/qogir/.zshrc
[WRN][1665827228.6312959194] antigen.zsh:1469
[WRN][1665827228.6312959194] Updated meta: target -antigen-load-env mode repeat type replace called 8
[WRN][1665827228.6313860416] antigen.zsh:1484
[WRN][1665827228.6313860416] Processing hooks: -antigen-load-env-cached
[WRN][1665827228.6314852238] antigen.zsh:1498
[WRN][1665827228.6314852238] Replace hook: -antigen-load-env-cached dir /home/qogir/.antigen/bundles/zsh-users/zsh-autosuggestions btype plugin url https://github.com/zsh-users/zsh-autosuggestions.git loc / name zsh-users/zsh-autosuggestions make_local_clone true
[WRN][1665827228.6316356659] antigen.zsh:1509
[WRN][1665827228.6316356659] Replaced hooked function.
[LOG][1665827228.6317088604] antigen.zsh:1518
[LOG][1665827228.6317088604] Return from hook -antigen-load-env with 0
[WRN][1665827228.6319329739] antigen.zsh:1469
[WRN][1665827228.6319329739] Updated meta: target -antigen-load-source mode repeat type replace called 8
[WRN][1665827228.6320190430] antigen.zsh:1484
[WRN][1665827228.6320190430] Processing hooks: -antigen-load-source-cached
[WRN][1665827228.6321079731] antigen.zsh:1498
[WRN][1665827228.6321079731] Replace hook: -antigen-load-source-cached /home/qogir/.antigen/bundles/zsh-users/zsh-autosuggestions///zsh-autosuggestions.plugin.zsh
[WRN][1665827228.6322073936] antigen.zsh:1509
[WRN][1665827228.6322073936] Replaced hooked function.
[LOG][1665827228.6322779655] antigen.zsh:1518
[LOG][1665827228.6322779655] Return from hook -antigen-load-source with 0
[LOG][1665827228.6324131489] antigen.zsh:1518
[LOG][1665827228.6324131489] Return from hook antigen-bundle with 0
[WRN][1665827228.6325078011] antigen.zsh:1739
[WRN][1665827228.6325078011] Parallel install done PARALLEL
[WRN][1665827228.6328034401] antigen.zsh:1462
[WRN][1665827228.6328034401] Ignoring hook due to mode once: antigen-apply-lock
[WRN][1665827228.6328949928] antigen.zsh:1462
[WRN][1665827228.6328949928] Ignoring hook due to mode once: antigen-apply-parallel
[WRN][1665827228.6329820156] antigen.zsh:1462
[WRN][1665827228.6329820156] Ignoring hook due to mode once: antigen-apply-defer
[WRN][1665827228.6330680847] antigen.zsh:1462
[WRN][1665827228.6330680847] Ignoring hook due to mode once: antigen-apply-cached
[WRN][1665827228.6331369877] antigen.zsh:1484
[WRN][1665827228.6331369877] Processing hooks: antigen-apply-lock antigen-apply-parallel antigen-apply-defer antigen-apply-cached
[WRN][1665827228.6332159042] antigen.zsh:1505
[WRN][1665827228.6332159042] -antigen-hook-antigen-apply 
[LOG][1665827228.6332871914] antigen.zsh:1438
[LOG][1665827228.6332871914] Called antigen-apply
[TRA][1665827228.6333498955] antigen.zsh:1439
[TRA][1665827228.6333498955] Gonna create compdump file @ apply COMPDUMP
[TRA][1665827228.6333498955] TRACE
-antigen-hook-antigen-apply
-antigen-hook-handler
antigen-apply
antigen-apply-parallel-execute
-antigen-hook-handler
antigen-apply
-antigen-hook-antigen
-antigen-hook-handler
antigen
/home/qogir/.zshrc
[LOG][1665827229.0917413235] antigen.zsh:1518
[LOG][1665827229.0917413235] Return from hook antigen-apply with 0
[WRN][1665827229.0920150280] antigen.zsh:1509
[WRN][1665827229.0920150280] Replaced hooked function.
[WRN][1665827229.0921015739] antigen.zsh:1513
[WRN][1665827229.0921015739] Post hook: antigen-apply-lock
[WRN][1665827229.0921804905] antigen.zsh:1676
[WRN][1665827229.0921804905] Freeing antigen-lock file at /home/qogir/.antigen/.lock
[WRN][1665827229.0935249329] antigen.zsh:1513
[WRN][1665827229.0935249329] Post hook: antigen-apply-cached
[LOG][1665827229.0936417580] antigen.zsh:1893
[LOG][1665827229.0936417580] TRACE: antigen.zsh:1514 antigen.zsh:1441 antigen.zsh:1447 antigen.zsh:1506 antigen.zsh:1441 /home/qogir/.zshrc:36 zsh:0
[LOG][1665827229.0940952301] antigen.zsh:1787
[LOG][1665827229.0940952301] Gonna generate cache for /home/qogir/.antigen/bundles/robbyrussell/oh-my-zsh/lib /home/qogir/.antigen/bundles/robbyrussell/oh-my-zsh/lib/bzr.zsh /home/qogir/.antigen/bundles/robbyrussell/oh-my-zsh/lib/clipboard.zsh /home/qogir/.antigen/bundles/robbyrussell/oh-my-zsh/lib/cli.zsh /home/qogir/.antigen/bundles/robbyrussell/oh-my-zsh/lib/compfix.zsh /home/qogir/.antigen/bundles/robbyrussell/oh-my-zsh/lib/completion.zsh /home/qogir/.antigen/bundles/robbyrussell/oh-my-zsh/lib/correction.zsh /home/qogir/.antigen/bundles/robbyrussell/oh-my-zsh/lib/diagnostics.zsh /home/qogir/.antigen/bundles/robbyrussell/oh-my-zsh/lib/directories.zsh /home/qogir/.antigen/bundles/robbyrussell/oh-my-zsh/lib/functions.zsh /home/qogir/.antigen/bundles/robbyrussell/oh-my-zsh/lib/git.zsh /home/qogir/.antigen/bundles/robbyrussell/oh-my-zsh/lib/grep.zsh /home/qogir/.antigen/bundles/robbyrussell/oh-my-zsh/lib/history.zsh /home/qogir/.antigen/bundles/robbyrussell/oh-my-zsh/lib/key-bindings.zsh /home/qogir/.antigen/bundles/robbyrussell/oh-my-zsh/lib/misc.zsh /home/qogir/.antigen/bundles/robbyrussell/oh-my-zsh/lib/nvm.zsh /home/qogir/.antigen/bundles/robbyrussell/oh-my-zsh/lib/prompt_info_functions.zsh /home/qogir/.antigen/bundles/robbyrussell/oh-my-zsh/lib/spectrum.zsh /home/qogir/.antigen/bundles/robbyrussell/oh-my-zsh/lib/termsupport.zsh /home/qogir/.antigen/bundles/robbyrussell/oh-my-zsh/lib/theme-and-appearance.zsh /home/qogir/.antigen/bundles/robbyrussell/oh-my-zsh/lib/vcs_info.zsh /home/qogir/.antigen/bundles/robbyrussell/oh-my-zsh/plugins/git /home/qogir/.antigen/bundles/robbyrussell/oh-my-zsh/plugins/git/git.plugin.zsh /home/qogir/.antigen/bundles/robbyrussell/oh-my-zsh/plugins/pip /home/qogir/.antigen/bundles/robbyrussell/oh-my-zsh/plugins/pip/pip.plugin.zsh /home/qogir/.antigen/bundles/robbyrussell/oh-my-zsh/plugins/command-not-found /home/qogir/.antigen/bundles/robbyrussell/oh-my-zsh/plugins/command-not-found/command-not-found.plugin.zsh /home/qogir/.antigen/bundles/zsh-users/zsh-syntax-highlighting// /home/qogir/.antigen/bundles/zsh-users/zsh-syntax-highlighting///zsh-syntax-highlighting.plugin.zsh /home/qogir/.antigen/bundles/robbyrussell/oh-my-zsh/themes/refined.zsh-theme /home/qogir/.antigen/bundles/robbyrussell/oh-my-zsh/themes/refined.zsh-theme /home/qogir/.antigen/bundles/MichaelAquilina/zsh-auto-notify// /home/qogir/.antigen/bundles/MichaelAquilina/zsh-auto-notify///auto-notify.plugin.zsh /home/qogir/.antigen/bundles/zsh-users/zsh-autosuggestions// /home/qogir/.antigen/bundles/zsh-users/zsh-autosuggestions///zsh-autosuggestions.plugin.zsh
[LOG][1665827229.1092178822] antigen.zsh:1844
[LOG][1665827229.1092178822] CHECK_FILES /home/qogir/.zshrc /home/qogir/.zshrc
[LOG][1665827229.2041699886] antigen.zsh:1518
[LOG][1665827229.2041699886] Return from hook antigen-apply with 0
[LOG][1665827229.2043681145] antigen.zsh:1518
[LOG][1665827229.2043681145] Return from hook antigen with 0
